<?xml version="1.0" encoding="UTF-8"?>
<testsuite xmlns:xsi="http://www.w3.org/2001/XMLSchema-instance" xsi:noNamespaceSchemaLocation="https://maven.apache.org/surefire/maven-surefire-plugin/xsd/surefire-test-report-3.0.xsd" version="3.0" name="com.bharatclean.tests.AdminTestNG" time="29.126" tests="1" errors="0" skipped="0" failures="0">
  <properties>
[...]
</properties>
  <testcase name="testAdminDashboard" classname="com.bharatclean.tests.AdminTestNG" time="12.696">
    <system-out><![CDATA[09:17:24.082 [main] INFO  com.bharatclean.utils.Log - Starting Tests in Surefire test
09:17:33.290 [main] INFO  com.bharatclean.utils.Log - testAdminDashboard test is starting.
09:17:34.146 [main] INFO  com.bharatclean.utils.Log - Starting testAdminDashboard
09:17:38.258 [main] INFO  com.bharatclean.utils.Log - Logging in as Admin
09:17:43.863 [main] INFO  com.bharatclean.utils.Log - Navigating to Admin Dashboard
09:17:46.046 [main] INFO  com.bharatclean.utils.Log - Admin Dashboard verified successfully
09:17:46.046 [main] INFO  com.bharatclean.utils.Log - Finished testAdminDashboard
09:17:46.062 [main] INFO  com.bharatclean.utils.Log - testAdminDashboard test is successful.
]]></system-out>
    <system-err><![CDATA[SLF4J: No SLF4J providers were found.
SLF4J: Defaulting to no-operation (NOP) logger implementation
SLF4J: See https://www.slf4j.org/codes.html#noProviders for further details.
Starting ChromeDriver 147.0.7727.117 (474cc805edd6b22006509896c910f6b6da2427ad-refs/branch-heads/7727_111@{#4}) on port 20292
Only local connections are allowed.
Please see https://chromedriver.chromium.org/security-considerations for suggestions on keeping ChromeDriver safe.
ChromeDriver was started successfully on port 20292.
May 15, 2026 9:17:31 AM org.openqa.selenium.remote.ProtocolHandshake createSession
INFO: Detected dialect: W3C
]]></system-err>
  </testcase>
</testsuite>