<?xml version="1.0" encoding="UTF-8"?>
<testng-results skipped="0" failed="0" ignored="0" total="1" passed="1">
  <reporter-output>
  </reporter-output>
  <suite name="Surefire suite" duration-ms="25243" started-at="2026-05-15T09:17:21 IST" finished-at="2026-05-15T09:17:46 IST">
    <groups>
    </groups>
    <test name="Surefire test" duration-ms="25243" started-at="2026-05-15T09:17:21 IST" finished-at="2026-05-15T09:17:46 IST">
      <class name="com.bharatclean.tests.AdminTestNG">
        <test-method status="PASS" signature="setup(java.lang.String)[pri:0, instance:com.bharatclean.tests.AdminTestNG@22fa55b2]" name="setup" is-config="true" duration-ms="6699" started-at="2026-05-15T09:17:25 IST" finished-at="2026-05-15T09:17:31 IST">
          <params>
            <param index="0">
              <value>
                <![CDATA[chrome]]>
              </value>
            </param>
          </params>
          <reporter-output>
          </reporter-output>
        </test-method> <!-- setup -->
        <test-method status="PASS" signature="testAdminDashboard()[pri:0, instance:com.bharatclean.tests.AdminTestNG@22fa55b2]" name="testAdminDashboard" duration-ms="12761" started-at="2026-05-15T09:17:33 IST" description="Verify Admin Dashboard Ticket List" finished-at="2026-05-15T09:17:46 IST">
          <reporter-output>
          </reporter-output>
        </test-method> <!-- testAdminDashboard -->
        <test-method status="PASS" signature="teardown()[pri:0, instance:com.bharatclean.tests.AdminTestNG@22fa55b2]" name="teardown" is-config="true" duration-ms="473" started-at="2026-05-15T09:17:46 IST" finished-at="2026-05-15T09:17:46 IST">
          <reporter-output>
          </reporter-output>
        </test-method> <!-- teardown -->
      </class> <!-- com.bharatclean.tests.AdminTestNG -->
    </test> <!-- Surefire test -->
  </suite> <!-- Surefire suite -->
</testng-results>
