<?xml version="1.0" encoding="UTF-8"?>
<testsuite xmlns:xsi="http://www.w3.org/2001/XMLSchema-instance" xsi:noNamespaceSchemaLocation="https://maven.apache.org/surefire/maven-surefire-plugin/xsd/surefire-test-report-3.0.xsd" version="3.0" name="TestSuite" time="74.436" tests="7" errors="0" skipped="0" failures="0">
  <properties>
[...]
</properties>
  <testcase name="testLandingPage" classname="com.bharatclean.tests.AppTestNG" time="6.101">
    <system-out><![CDATA[09:04:14.624 [main] INFO  com.bharatclean.utils.Log - Starting Tests in UI Tests
09:04:22.145 [TestNG-test=UI Tests-2] INFO  com.bharatclean.utils.Log - testNavigationToLogin test is starting.
09:04:22.141 [TestNG-test=UI Tests-1] INFO  com.bharatclean.utils.Log - testLandingPage test is starting.
09:04:22.413 [TestNG-test=UI Tests-1] INFO  com.bharatclean.utils.Log - Starting testLandingPage
09:04:22.421 [TestNG-test=UI Tests-2] INFO  com.bharatclean.utils.Log - Starting testNavigationToLogin
09:04:28.245 [TestNG-test=UI Tests-1] INFO  com.bharatclean.utils.Log - Finished testLandingPage
09:04:28.255 [TestNG-test=UI Tests-1] INFO  com.bharatclean.utils.Log - testLandingPage test is successful.
]]></system-out>
    <system-err><![CDATA[SLF4J: No SLF4J providers were found.
SLF4J: Defaulting to no-operation (NOP) logger implementation
SLF4J: See https://www.slf4j.org/codes.html#noProviders for further details.
Starting ChromeDriver 147.0.7727.117 (474cc805edd6b22006509896c910f6b6da2427ad-refs/branch-heads/7727_111@{#4}) on port 28566
Only local connections are allowed.
Please see https://chromedriver.chromium.org/Starting ChromeDriver 147.0.7727.117 (474cc805edd6b22006509896c910f6b6da2427ad-refs/branch-heads/7727_111security-considerations for suggestions on keeping ChromeDriver safe.
@{#4}) on port 16348
Only local connections are allowed.
Please see https:/ChromeDriver was started successfully on port 28/5c6h6r.
omedriver.chromium.org/security-considerations for suggestions on keeping ChromeDriver safe.
ChromeDriver was started successfully on port 16348.
May 15, 2026 9:04:21 AM org.openqa.selenium.remote.ProtocolHandshake createSession
INFO: Detected dialect: W3C
May 15, 2026 9:04:21 AM org.openqa.selenium.remote.ProtocolHandshake createSession
INFO: Detected dialect: W3C
]]></system-err>
  </testcase>
  <testcase name="testNavigationToLogin" classname="com.bharatclean.tests.AppTestNG" time="8.2">
    <system-out><![CDATA[09:04:30.353 [TestNG-test=UI Tests-2] INFO  com.bharatclean.utils.Log - Finished testNavigationToLogin
09:04:30.354 [TestNG-test=UI Tests-2] INFO  com.bharatclean.utils.Log - testNavigationToLogin test is successful.
]]></system-out>
    <system-err><![CDATA[Starting ChromeDriver 147.0.7727.117 (474cc805edd6b22006509896c910f6b6da2427ad-refs/branch-heads/7727_111@{#4}) on port 23169
Only local connections are allowed.
Please see https://chromedriver.chromium.org/security-considerations for suggestions on keeping ChromeDriver safe.
ChromeDriver was started successfully on port 23169.
]]></system-err>
  </testcase>
  <testcase name="testReviewPageLoad" classname="com.bharatclean.tests.ReviewTestNG" time="6.937">
    <system-out><![CDATA[09:04:31.567 [TestNG-test=UI Tests-1] INFO  com.bharatclean.utils.Log - testSupportSubmission test is starting.
09:04:31.574 [TestNG-test=UI Tests-1] INFO  com.bharatclean.utils.Log - Starting testSupportSubmission
09:04:33.773 [TestNG-test=UI Tests-2] INFO  com.bharatclean.utils.Log - testReviewPageLoad test is starting.
09:04:33.781 [TestNG-test=UI Tests-2] INFO  com.bharatclean.utils.Log - Starting testReviewPageLoad
09:04:40.716 [TestNG-test=UI Tests-2] INFO  com.bharatclean.utils.Log - Finished testReviewPageLoad
09:04:40.717 [TestNG-test=UI Tests-2] INFO  com.bharatclean.utils.Log - testReviewPageLoad test is successful.
]]></system-out>
    <system-err><![CDATA[Starting ChromeDriver 147.0.7727.117 (474cc805edd6b22006509896c910f6b6da2427ad-refs/branch-heads/7727_111@{#4}) on port 17047
Only local connections are allowed.
Please see https://chromedriver.chromium.org/security-considerations for suggestions on keeping ChromeDriver safe.
ChromeDriver was started successfully on port 17047.
May 15, 2026 9:04:31 AM org.openqa.selenium.remote.ProtocolHandshake createSession
INFO: Detected dialect: W3C
May 15, 2026 9:04:33 AM org.openqa.selenium.remote.ProtocolHandshake createSession
INFO: Detected dialect: W3C
]]></system-err>
  </testcase>
  <testcase name="testSupportSubmission" classname="com.bharatclean.tests.SupportTestNG" time="7.45">
    <system-out><![CDATA[09:04:41.208 [TestNG-test=UI Tests-1] INFO  com.bharatclean.utils.Log - Finished testSupportSubmission
09:04:41.209 [TestNG-test=UI Tests-1] INFO  com.bharatclean.utils.Log - testSupportSubmission test is successful.
]]></system-out>
    <system-err><![CDATA[Starting ChromeDriver 147.0.7727.117 (474cc805edd6b22006509896c910f6b6da2427ad-refs/branch-heads/7727_111@{#4}) on port 27849
Only local connections are allowed.
Please see https://chromedriver.chromium.org/security-considerations for suggestions on keeping ChromeDriver safe.
ChromeDriver was started successfully on port 27849.
]]></system-err>
  </testcase>
  <testcase name="testAdminDashboard" classname="com.bharatclean.tests.AdminTestNG" time="9.45">
    <system-out><![CDATA[09:04:43.252 [TestNG-test=UI Tests-2] INFO  com.bharatclean.utils.Log - testAdminDashboard test is starting.
09:04:43.259 [TestNG-test=UI Tests-2] INFO  com.bharatclean.utils.Log - Starting testAdminDashboard
09:04:44.136 [TestNG-test=UI Tests-1] INFO  com.bharatclean.utils.Log - testCleanerDashboard test is starting.
09:04:44.153 [TestNG-test=UI Tests-1] INFO  com.bharatclean.utils.Log - Starting testCleanerDashboard
09:04:45.891 [TestNG-test=UI Tests-2] INFO  com.bharatclean.utils.Log - Logging in as Admin
09:04:46.261 [TestNG-test=UI Tests-1] INFO  com.bharatclean.utils.Log - Logging in as Cleaner
09:04:50.837 [TestNG-test=UI Tests-2] INFO  com.bharatclean.utils.Log - Navigating to Admin Dashboard
09:04:51.442 [TestNG-test=UI Tests-1] INFO  com.bharatclean.utils.Log - Navigating to Cleaner Portal
09:04:53.574 [TestNG-test=UI Tests-2] INFO  com.bharatclean.utils.Log - Admin Dashboard verified successfully
09:04:53.574 [TestNG-test=UI Tests-2] INFO  com.bharatclean.utils.Log - Finished testAdminDashboard
09:04:53.575 [TestNG-test=UI Tests-2] INFO  com.bharatclean.utils.Log - testAdminDashboard test is successful.
]]></system-out>
    <system-err><![CDATA[Starting ChromeDriver 147.0.7727.117 (474cc805edd6b22006509896c910f6b6da2427ad-refs/branch-heads/7727_111@{#4}) on port 32565
Only local connections are allowed.
Please see https://chromedriver.chromium.org/security-considerations for suggestions on keeping ChromeDriver safe.
ChromeDriver was started successfully on port 32565.
May 15, 2026 9:04:43 AM org.openqa.selenium.remote.ProtocolHandshake createSession
INFO: Detected dialect: W3C
May 15, 2026 9:04:44 AM org.openqa.selenium.remote.ProtocolHandshake createSession
INFO: Detected dialect: W3C
]]></system-err>
  </testcase>
  <testcase name="testCleanerDashboard" classname="com.bharatclean.tests.CleanerTestNG" time="10.709">
    <system-out><![CDATA[09:04:54.839 [TestNG-test=UI Tests-1] INFO  com.bharatclean.utils.Log - Cleaner Portal verified successfully
09:04:54.839 [TestNG-test=UI Tests-1] INFO  com.bharatclean.utils.Log - Finished testCleanerDashboard
09:04:54.841 [TestNG-test=UI Tests-1] INFO  com.bharatclean.utils.Log - testCleanerDashboard test is successful.
]]></system-out>
    <system-err><![CDATA[Starting ChromeDriver 147.0.7727.117 (474cc805edd6b22006509896c910f6b6da2427ad-refs/branch-heads/7727_111@{#4}) on port 12962
Only local connections are allowed.
Please see https://chromedriver.chromium.org/security-considerations for suggestions on keeping ChromeDriver safe.
ChromeDriver was started successfully on port 12962.
]]></system-err>
  </testcase>
  <testcase name="testFullUserJourney" classname="com.bharatclean.tests.EndToEndTestNG" time="24.725">
    <system-out><![CDATA[09:04:56.429 [TestNG-test=UI Tests-2] INFO  com.bharatclean.utils.Log - testFullUserJourney test is starting.
09:04:56.472 [TestNG-test=UI Tests-2] INFO  com.bharatclean.utils.Log - Starting testFullUserJourney
09:04:58.118 [TestNG-test=UI Tests-2] INFO  com.bharatclean.utils.Log - Step 1: Registering new user: testuser_43e46486@example.com
09:05:01.351 [TestNG-test=UI Tests-2] INFO  com.bharatclean.utils.Log - Step 2: Logging in
09:05:06.822 [TestNG-test=UI Tests-2] INFO  com.bharatclean.utils.Log - Step 3: Selecting service and paying
09:05:11.773 [TestNG-test=UI Tests-2] INFO  com.bharatclean.utils.Log - Step 4: Booking a cleaning
09:05:15.480 [TestNG-test=UI Tests-2] INFO  com.bharatclean.utils.Log - Filling booking details
09:05:17.231 [TestNG-test=UI Tests-2] INFO  com.bharatclean.utils.Log - Step 5: Logging out
09:05:21.164 [TestNG-test=UI Tests-2] INFO  com.bharatclean.utils.Log - Finished testFullUserJourney successfully
09:05:21.166 [TestNG-test=UI Tests-2] INFO  com.bharatclean.utils.Log - testFullUserJourney test is successful.
]]></system-out>
    <system-err><![CDATA[May 15, 2026 9:04:56 AM org.openqa.selenium.remote.ProtocolHandshake createSession
INFO: Detected dialect: W3C
]]></system-err>
  </testcase>
</testsuite>