<?xml version="1.0" encoding="UTF-8"?>
<!-- Generated by org.testng.reporters.JUnitReportReporter -->
<testsuite skipped="0" hostname="suraj-Latitude-E5470" name="com.bharatclean.tests.AppTestNG" tests="2" failures="0" timestamp="2026-05-15T09:05:21 IST" time="27.790" errors="0">
  <testcase name="testNavigationToLogin" time="15.027" classname="com.bharatclean.tests.AppTestNG"/>
  <system-out/>
  <testcase name="testLandingPage" time="12.763" classname="com.bharatclean.tests.AppTestNG"/>
  <system-out/>
</testsuite> <!-- com.bharatclean.tests.AppTestNG -->
