<?xml version="1.0" encoding="UTF-8"?>
<!-- Generated by org.testng.reporters.JUnitXMLReporter -->
<testsuite hostname="suraj-Latitude-E5470" ignored="0" name="UI Tests" tests="7" failures="0" timestamp="2026-05-15T09:05:21 IST" time="69.69" errors="0">
  <testcase name="testLandingPage" time="6.104" classname="com.bharatclean.tests.AppTestNG"/>
  <testcase name="testNavigationToLogin" time="8.208" classname="com.bharatclean.tests.AppTestNG"/>
  <testcase name="testReviewPageLoad" time="6.945" classname="com.bharatclean.tests.ReviewTestNG"/>
  <testcase name="testSupportSubmission" time="9.641" classname="com.bharatclean.tests.SupportTestNG"/>
  <testcase name="testAdminDashboard" time="10.322" classname="com.bharatclean.tests.AdminTestNG"/>
  <testcase name="testCleanerDashboard" time="10.706" classname="com.bharatclean.tests.CleanerTestNG"/>
  <testcase name="testFullUserJourney" time="24.736" classname="com.bharatclean.tests.EndToEndTestNG"/>
</testsuite> <!-- UI Tests -->
